2011-03-01 09:24:29 [INFO] Starting minecraft server version Beta 1.3
2011-03-01 09:24:29 [INFO] Loading properties
2011-03-01 09:24:29 [WARNING] server.properties does not exist
2011-03-01 09:24:29 [INFO] Generating new properties file
2011-03-01 09:24:29 [INFO] Starting Minecraft server on *:25565
2011-03-01 09:24:29 [WARNING] Failed to load ban list: java.io.FileNotFoundException: banned-players.txt (No such file or directory)
2011-03-01 09:24:29 [WARNING] Failed to load ip ban list: java.io.FileNotFoundException: banned-ips.txt (No such file or directory)
2011-03-01 09:24:29 [WARNING] Failed to load ip ban list: java.io.FileNotFoundException: ops.txt (No such file or directory)
2011-03-01 09:24:29 [WARNING] Failed to load white-list: java.io.FileNotFoundException: white-list.txt (No such file or directory)
2011-03-01 09:24:29 [INFO] Preparing level "world"
2011-03-01 09:24:29 [INFO] Preparing start region
2011-03-01 09:24:31 [INFO] Preparing spawn area: 4%
2011-03-01 09:24:32 [INFO] Preparing spawn area: 8%
2011-03-01 09:24:33 [INFO] Preparing spawn area: 12%
2011-03-01 09:24:34 [INFO] Preparing spawn area: 16%
2011-03-01 09:24:35 [INFO] Preparing spawn area: 20%
2011-03-01 09:24:36 [INFO] Preparing spawn area: 24%
2011-03-01 09:24:37 [INFO] Preparing spawn area: 28%
2011-03-01 09:24:38 [INFO] Preparing spawn area: 36%
2011-03-01 09:24:39 [INFO] Preparing spawn area: 40%
2011-03-01 09:24:40 [INFO] Preparing spawn area: 44%
2011-03-01 09:24:41 [INFO] Preparing spawn area: 52%
2011-03-01 09:24:42 [INFO] Preparing spawn area: 57%
2011-03-01 09:24:43 [INFO] Preparing spawn area: 65%
2011-03-01 09:24:44 [INFO] Preparing spawn area: 69%
2011-03-01 09:24:45 [INFO] Preparing spawn area: 73%
2011-03-01 09:24:46 [INFO] Preparing spawn area: 81%
2011-03-01 09:24:47 [INFO] Preparing spawn area: 85%
2011-03-01 09:24:49 [INFO] Preparing spawn area: 89%
2011-03-01 09:24:50 [INFO] Preparing spawn area: 93%
2011-03-01 09:24:51 [INFO] Preparing spawn area: 97%
2011-03-01 09:24:51 [INFO] Done (21564255971ns)! For help, type "help" or "?"
2011-03-01 09:25:01 [INFO] Unknown console command. Type "help" for help.
2011-03-01 09:25:05 [INFO] CONSOLE: Opping chrislloyd
2011-03-01 09:26:10 [INFO] CONSOLE: Opping whatupdave
2011-03-01 09:26:17 [INFO] CONSOLE: Opping yarrcat
2011-05-02 20:27:05 [INFO] Starting minecraft server version Beta 1.5_02
2011-05-02 20:27:05 [INFO] Loading properties
2011-05-02 20:27:05 [INFO] Starting Minecraft server on *:25565
2011-05-02 20:27:05 [INFO] Preparing level "world"
2011-05-02 20:27:05 [INFO] Preparing start region
2011-05-02 20:27:05 [INFO] Done (551135000ns)! For help, type "help" or "?"
2011-05-02 20:27:32 [INFO] whatupdave [/127.0.0.1:50238] logged in with entity id 6 at (-74.5, 66.62000000476837, 62.5)
2011-05-02 20:28:03 [INFO] whatupdave lost connection: disconnect.quitting
2011-05-02 21:08:49 [INFO] Starting minecraft server version Beta 1.5_02
2011-05-02 21:08:49 [INFO] Loading properties
2011-05-02 21:08:49 [INFO] Starting Minecraft server on *:25565
2011-05-02 21:08:49 [INFO] Preparing level "world"
2011-05-02 21:08:49 [INFO] Preparing start region
2011-05-02 21:08:50 [INFO] Done (563929000ns)! For help, type "help" or "?"
2011-05-02 21:09:05 [INFO] Starting minecraft server version Beta 1.5_02
2011-05-02 21:09:05 [INFO] Loading properties
2011-05-02 21:09:05 [INFO] Starting Minecraft server on *:25565
2011-05-02 21:09:05 [INFO] Preparing level "world"
2011-05-02 21:09:05 [INFO] Preparing start region
2011-05-02 21:09:06 [INFO] Done (564892000ns)! For help, type "help" or "?"
2011-05-02 21:09:33 [INFO] Starting minecraft server version Beta 1.5_02
2011-05-02 21:09:33 [INFO] Loading properties
2011-05-02 21:09:33 [INFO] Starting Minecraft server on *:25565
2011-05-02 21:09:33 [INFO] Preparing level "world"
2011-05-02 21:09:33 [INFO] Preparing start region
2011-05-02 21:09:34 [INFO] Done (561903000ns)! For help, type "help" or "?"
2011-05-02 21:12:02 [INFO] Starting minecraft server version Beta 1.5_02
2011-05-02 21:12:02 [INFO] Loading properties
2011-05-02 21:12:02 [INFO] Starting Minecraft server on *:25565
2011-05-02 21:12:02 [INFO] Preparing level "world"
2011-05-02 21:12:02 [INFO] Preparing start region
2011-05-02 21:12:03 [INFO] Done (562651000ns)! For help, type "help" or "?"
2011-05-02 21:12:35 [INFO] Starting minecraft server version Beta 1.5_02
2011-05-02 21:12:35 [INFO] Loading properties
2011-05-02 21:12:35 [INFO] Starting Minecraft server on *:25565
2011-05-02 21:12:35 [INFO] Preparing level "world"
2011-05-02 21:12:35 [INFO] Preparing start region
2011-05-02 21:12:35 [INFO] Done (562978000ns)! For help, type "help" or "?"
2011-05-02 21:15:24 [INFO] Starting minecraft server version Beta 1.5_02
2011-05-02 21:15:24 [INFO] Loading properties
2011-05-02 21:15:24 [INFO] Starting Minecraft server on *:25565
2011-05-02 21:15:24 [INFO] Preparing level "world"
2011-05-02 21:15:24 [INFO] Preparing start region
2011-05-02 21:15:25 [INFO] Done (568079000ns)! For help, type "help" or "?"
2011-05-02 21:15:36 [INFO] Starting minecraft server version Beta 1.5_02
2011-05-02 21:15:36 [INFO] Loading properties
2011-05-02 21:15:36 [INFO] Starting Minecraft server on *:25565
2011-05-02 21:15:36 [INFO] Preparing level "world"
2011-05-02 21:15:36 [INFO] Preparing start region
2011-05-02 21:15:36 [INFO] Done (561474000ns)! For help, type "help" or "?"
2011-05-02 21:15:41 [INFO] To run the server without a gui, start it like this:
2011-05-02 21:15:41 [INFO]    java -Xmx1024M -Xms1024M -jar minecraft_server.jar nogui
2011-05-02 21:15:41 [INFO] Console commands:
2011-05-02 21:15:41 [INFO]    help  or  ?               shows this message
2011-05-02 21:15:41 [INFO]    kick <player>             removes a player from the server
2011-05-02 21:15:41 [INFO]    ban <player>              bans a player from the server
2011-05-02 21:15:41 [INFO]    pardon <player>           pardons a banned player so that they can connect again
2011-05-02 21:15:41 [INFO]    ban-ip <ip>               bans an IP address from the server
2011-05-02 21:15:41 [INFO]    pardon-ip <ip>            pardons a banned IP address so that they can connect again
2011-05-02 21:15:41 [INFO]    op <player>               turns a player into an op
2011-05-02 21:15:41 [INFO]    deop <player>             removes op status from a player
2011-05-02 21:15:41 [INFO]    tp <player1> <player2>    moves one player to the same location as another player
2011-05-02 21:15:41 [INFO]    give <player> <id> [num]  gives a player a resource
2011-05-02 21:15:41 [INFO]    tell <player> <message>   sends a private message to a player
2011-05-02 21:15:41 [INFO]    stop                      gracefully stops the server
2011-05-02 21:15:41 [INFO]    save-all                  forces a server-wide level save
2011-05-02 21:15:41 [INFO]    save-off                  disables terrain saving (useful for backup scripts)
2011-05-02 21:15:41 [INFO]    save-on                   re-enables terrain saving
2011-05-02 21:15:41 [INFO]    list                      lists all currently connected players
2011-05-02 21:15:41 [INFO]    say <message>             broadcasts a message to all players
2011-05-02 21:15:41 [INFO]    time <add|set> <amount>   adds to or sets the world time (0-24000)
2011-05-02 21:17:01 [INFO] Starting minecraft server version Beta 1.5_02
2011-05-02 21:17:01 [INFO] Loading properties
2011-05-02 21:17:01 [INFO] Starting Minecraft server on *:25565
2011-05-02 21:17:01 [INFO] Preparing level "world"
2011-05-02 21:17:01 [INFO] Preparing start region
2011-05-02 21:17:01 [INFO] Done (552874000ns)! For help, type "help" or "?"
2011-05-02 21:17:14 [INFO] Starting minecraft server version Beta 1.5_02
2011-05-02 21:17:14 [INFO] Loading properties
2011-05-02 21:17:14 [INFO] Starting Minecraft server on *:25565
2011-05-02 21:17:14 [INFO] Preparing level "world"
2011-05-02 21:17:14 [INFO] Preparing start region
2011-05-02 21:17:15 [INFO] Done (554253000ns)! For help, type "help" or "?"
2011-05-02 21:18:25 [INFO] Starting minecraft server version Beta 1.5_02
2011-05-02 21:18:25 [INFO] Loading properties
2011-05-02 21:18:25 [INFO] Starting Minecraft server on *:25565
2011-05-02 21:18:25 [INFO] Preparing level "world"
2011-05-02 21:18:25 [INFO] Preparing start region
2011-05-02 21:18:25 [INFO] Done (562692000ns)! For help, type "help" or "?"
2011-05-02 21:18:45 [INFO] whatupdave [/127.0.0.1:50877] logged in with entity id 113 at (-89.5, 62.62000000476837, 53.5)
2011-05-02 21:18:53 [INFO] whatupdave lost connection: disconnect.quitting
2011-05-02 21:22:34 [INFO] Starting minecraft server version Beta 1.5_02
2011-05-02 21:22:34 [INFO] Loading properties
2011-05-02 21:22:34 [INFO] Starting Minecraft server on *:25565
2011-05-02 21:22:34 [INFO] Preparing level "world"
2011-05-02 21:22:34 [INFO] Preparing start region
2011-05-02 21:22:35 [INFO] Done (584277000ns)! For help, type "help" or "?"
2011-05-02 21:22:47 [INFO] Starting minecraft server version Beta 1.5_02
2011-05-02 21:22:47 [INFO] Loading properties
2011-05-02 21:22:47 [INFO] Starting Minecraft server on *:25565
2011-05-02 21:22:47 [INFO] Preparing level "world"
2011-05-02 21:22:47 [INFO] Preparing start region
2011-05-02 21:22:48 [INFO] Done (569909000ns)! For help, type "help" or "?"
2011-05-02 21:23:04 [INFO] Starting minecraft server version Beta 1.5_02
2011-05-02 21:23:04 [INFO] Loading properties
2011-05-02 21:23:04 [INFO] Starting Minecraft server on *:25565
2011-05-02 21:23:04 [INFO] Preparing level "world"
2011-05-02 21:23:04 [INFO] Preparing start region
2011-05-02 21:23:04 [INFO] Done (569550000ns)! For help, type "help" or "?"
2011-05-02 21:23:12 [INFO] Starting minecraft server version Beta 1.5_02
2011-05-02 21:23:12 [INFO] Loading properties
2011-05-02 21:23:12 [INFO] Starting Minecraft server on *:25565
2011-05-02 21:23:12 [INFO] Preparing level "world"
2011-05-02 21:23:12 [INFO] Preparing start region
2011-05-02 21:23:13 [INFO] Done (573416000ns)! For help, type "help" or "?"
2011-05-02 21:23:37 [INFO] Starting minecraft server version Beta 1.5_02
2011-05-02 21:23:37 [INFO] Loading properties
2011-05-02 21:23:37 [INFO] Starting Minecraft server on *:25565
2011-05-02 21:23:37 [INFO] Preparing level "world"
2011-05-02 21:23:37 [INFO] Preparing start region
2011-05-02 21:23:38 [INFO] Done (578923000ns)! For help, type "help" or "?"
2011-05-02 21:25:13 [INFO] Starting minecraft server version Beta 1.5_02
2011-05-02 21:25:13 [INFO] Loading properties
2011-05-02 21:25:13 [INFO] Starting Minecraft server on *:25565
2011-05-02 21:25:13 [INFO] Preparing level "world"
2011-05-02 21:25:13 [INFO] Preparing start region
2011-05-02 21:25:13 [INFO] Done (569996000ns)! For help, type "help" or "?"
2011-05-02 21:25:31 [INFO] Starting minecraft server version Beta 1.5_02
2011-05-02 21:25:31 [INFO] Loading properties
2011-05-02 21:25:31 [INFO] Starting Minecraft server on *:25565
2011-05-02 21:25:31 [INFO] Preparing level "world"
2011-05-02 21:25:31 [INFO] Preparing start region
2011-05-02 21:25:32 [INFO] Done (569562000ns)! For help, type "help" or "?"
2011-05-02 21:25:41 [INFO] Starting minecraft server version Beta 1.5_02
2011-05-02 21:25:41 [INFO] Loading properties
2011-05-02 21:25:41 [INFO] Starting Minecraft server on *:25565
2011-05-02 21:25:41 [INFO] Preparing level "world"
2011-05-02 21:25:41 [INFO] Preparing start region
2011-05-02 21:25:41 [INFO] Done (571101000ns)! For help, type "help" or "?"
2011-05-02 21:25:53 [INFO] Starting minecraft server version Beta 1.5_02
2011-05-02 21:25:53 [INFO] Loading properties
2011-05-02 21:25:53 [INFO] Starting Minecraft server on *:25565
2011-05-02 21:25:53 [INFO] Preparing level "world"
2011-05-02 21:25:53 [INFO] Preparing start region
2011-05-02 21:25:54 [INFO] Done (570095000ns)! For help, type "help" or "?"
2011-05-02 21:29:05 [INFO] Starting minecraft server version Beta 1.5_02
2011-05-02 21:29:05 [INFO] Loading properties
2011-05-02 21:29:05 [INFO] Starting Minecraft server on *:25565
2011-05-02 21:29:05 [INFO] Preparing level "world"
2011-05-02 21:29:05 [INFO] Preparing start region
2011-05-02 21:29:05 [INFO] Done (622450000ns)! For help, type "help" or "?"
2011-05-02 21:29:12 [INFO] whatupdave [/127.0.0.1:51069] logged in with entity id 138 at (-82.5, 64.62000000476837, 68.5)
2011-05-02 21:29:21 [INFO] whatupdave lost connection: disconnect.quitting
2011-05-02 21:33:47 [INFO] Starting minecraft server version Beta 1.5_02
2011-05-02 21:33:47 [INFO] Loading properties
2011-05-02 21:33:47 [INFO] Starting Minecraft server on *:25565
2011-05-02 21:33:47 [INFO] Preparing level "world"
2011-05-02 21:33:47 [INFO] Preparing start region
2011-05-02 21:33:47 [INFO] Done (571154000ns)! For help, type "help" or "?"
2011-05-02 21:34:05 [INFO] whatupdave [/127.0.0.1:51081] logged in with entity id 145 at (-86.5, 63.62000000476837, 61.5)
2011-05-02 21:34:26 [INFO] whatupdave lost connection: disconnect.quitting
2011-05-02 21:43:59 [INFO] Starting minecraft server version Beta 1.5_02
2011-05-02 21:43:59 [INFO] Loading properties
2011-05-02 21:43:59 [INFO] Starting Minecraft server on *:25565
2011-05-02 21:43:59 [INFO] Preparing level "world"
2011-05-02 21:43:59 [INFO] Preparing start region
2011-05-02 21:44:00 [INFO] Done (564354000ns)! For help, type "help" or "?"
2011-05-02 21:44:15 [INFO] whatupdave [/127.0.0.1:51338] logged in with entity id 149 at (-72.5, 67.62000000476837, 61.5)
2011-05-02 21:44:24 [INFO] To run the server without a gui, start it like this:
2011-05-02 21:44:24 [INFO]    java -Xmx1024M -Xms1024M -jar minecraft_server.jar nogui
2011-05-02 21:44:24 [INFO] Console commands:
2011-05-02 21:44:24 [INFO]    help  or  ?               shows this message
2011-05-02 21:44:24 [INFO]    kick <player>             removes a player from the server
2011-05-02 21:44:24 [INFO]    ban <player>              bans a player from the server
2011-05-02 21:44:24 [INFO]    pardon <player>           pardons a banned player so that they can connect again
2011-05-02 21:44:24 [INFO]    ban-ip <ip>               bans an IP address from the server
2011-05-02 21:44:24 [INFO]    pardon-ip <ip>            pardons a banned IP address so that they can connect again
2011-05-02 21:44:24 [INFO]    op <player>               turns a player into an op
2011-05-02 21:44:24 [INFO]    deop <player>             removes op status from a player
2011-05-02 21:44:24 [INFO]    tp <player1> <player2>    moves one player to the same location as another player
2011-05-02 21:44:24 [INFO]    give <player> <id> [num]  gives a player a resource
2011-05-02 21:44:24 [INFO]    tell <player> <message>   sends a private message to a player
2011-05-02 21:44:24 [INFO]    stop                      gracefully stops the server
2011-05-02 21:44:24 [INFO]    save-all                  forces a server-wide level save
2011-05-02 21:44:24 [INFO]    save-off                  disables terrain saving (useful for backup scripts)
2011-05-02 21:44:24 [INFO]    save-on                   re-enables terrain saving
2011-05-02 21:44:24 [INFO]    list                      lists all currently connected players
2011-05-02 21:44:24 [INFO]    say <message>             broadcasts a message to all players
2011-05-02 21:44:24 [INFO]    time <add|set> <amount>   adds to or sets the world time (0-24000)
2011-05-02 21:44:32 [INFO] CONSOLE: Kicking whatupdave
2011-05-02 21:45:25 [INFO] Starting minecraft server version Beta 1.5_02
2011-05-02 21:45:25 [INFO] Loading properties
2011-05-02 21:45:25 [INFO] Starting Minecraft server on *:25565
2011-05-02 21:45:25 [INFO] Preparing level "world"
2011-05-02 21:45:25 [INFO] Preparing start region
2011-05-02 21:45:25 [INFO] Done (586869000ns)! For help, type "help" or "?"
2011-05-02 21:45:32 [INFO] whatupdave [/127.0.0.1:51345] logged in with entity id 154 at (-73.5, 66.62000000476837, 66.5)
2011-05-02 21:45:38 [INFO] CONSOLE: Kicking whatupdave
2011-05-02 21:45:49 [INFO] Starting minecraft server version Beta 1.5_02
2011-05-02 21:45:49 [INFO] Loading properties
2011-05-02 21:45:49 [INFO] Starting Minecraft server on *:25565
2011-05-02 21:45:49 [INFO] Preparing level "world"
2011-05-02 21:45:49 [INFO] Preparing start region
2011-05-02 21:45:50 [INFO] Done (602669000ns)! For help, type "help" or "?"
2011-05-02 21:45:59 [INFO] whatupdave [/127.0.0.1:51352] logged in with entity id 154 at (-86.5, 63.62000000476837, 52.5)
2011-05-02 21:46:05 [INFO] CONSOLE: Kicking whatupdave
2011-05-02 21:46:10 [INFO] To run the server without a gui, start it like this:
2011-05-02 21:46:10 [INFO]    java -Xmx1024M -Xms1024M -jar minecraft_server.jar nogui
2011-05-02 21:46:10 [INFO] Console commands:
2011-05-02 21:46:10 [INFO]    help  or  ?               shows this message
2011-05-02 21:46:10 [INFO]    kick <player>             removes a player from the server
2011-05-02 21:46:10 [INFO]    ban <player>              bans a player from the server
2011-05-02 21:46:10 [INFO]    pardon <player>           pardons a banned player so that they can connect again
2011-05-02 21:46:10 [INFO]    ban-ip <ip>               bans an IP address from the server
2011-05-02 21:46:10 [INFO]    pardon-ip <ip>            pardons a banned IP address so that they can connect again
2011-05-02 21:46:10 [INFO]    op <player>               turns a player into an op
2011-05-02 21:46:10 [INFO]    deop <player>             removes op status from a player
2011-05-02 21:46:10 [INFO]    tp <player1> <player2>    moves one player to the same location as another player
2011-05-02 21:46:10 [INFO]    give <player> <id> [num]  gives a player a resource
2011-05-02 21:46:10 [INFO]    tell <player> <message>   sends a private message to a player
2011-05-02 21:46:10 [INFO]    stop                      gracefully stops the server
2011-05-02 21:46:10 [INFO]    save-all                  forces a server-wide level save
2011-05-02 21:46:10 [INFO]    save-off                  disables terrain saving (useful for backup scripts)
2011-05-02 21:46:10 [INFO]    save-on                   re-enables terrain saving
2011-05-02 21:46:10 [INFO]    list                      lists all currently connected players
2011-05-02 21:46:10 [INFO]    say <message>             broadcasts a message to all players
2011-05-02 21:46:10 [INFO]    time <add|set> <amount>   adds to or sets the world time (0-24000)
2011-05-02 21:46:12 [INFO] Connected players: 
2011-05-02 21:46:29 [INFO] CONSOLE: Forcing save..
2011-05-02 21:46:29 [INFO] CONSOLE: Save complete.
2011-05-02 21:46:55 [INFO] whatupdave [/127.0.0.1:51357] logged in with entity id 155 at (-82.5, 64.62000000476837, 60.5)
2011-05-02 21:47:16 [INFO] whatupdave lost connection: disconnect.quitting
2011-05-02 22:14:39 [INFO] Starting minecraft server version Beta 1.5_02
2011-05-02 22:14:39 [INFO] Loading properties
2011-05-02 22:14:39 [INFO] Starting Minecraft server on *:25565
2011-05-02 22:14:40 [INFO] Preparing level "world"
2011-05-02 22:14:40 [INFO] Preparing start region
2011-05-02 22:14:41 [INFO] Preparing spawn area: 8%
2011-05-02 22:14:42 [INFO] Preparing spawn area: 20%
2011-05-02 22:14:43 [INFO] Preparing spawn area: 32%
2011-05-02 22:14:44 [INFO] Preparing spawn area: 40%
2011-05-02 22:14:45 [INFO] Preparing spawn area: 48%
2011-05-02 22:14:46 [INFO] Preparing spawn area: 56%
2011-05-02 22:14:47 [INFO] Preparing spawn area: 65%
2011-05-02 22:14:48 [INFO] Preparing spawn area: 69%
2011-05-02 22:14:49 [INFO] Preparing spawn area: 77%
2011-05-02 22:14:50 [INFO] Preparing spawn area: 85%
2011-05-02 22:14:51 [INFO] Preparing spawn area: 89%
2011-05-02 22:14:52 [INFO] Preparing spawn area: 97%
2011-05-02 22:14:53 [INFO] Done (13030707000ns)! For help, type "help" or "?"
2011-05-02 22:14:59 [INFO] whatupdave [/127.0.0.1:51555] logged in with entity id 1344 at (79.5, 75.62000000476837, -166.5)
2011-05-02 22:30:11 [WARNING] Can't keep up! Did the system time change, or is the server overloaded?
2011-05-02 22:35:38 [INFO] whatupdave lost connection: disconnect.quitting
2011-05-03 06:51:54 [WARNING] Can't keep up! Did the system time change, or is the server overloaded?
2011-05-03 06:52:28 [WARNING] Can't keep up! Did the system time change, or is the server overloaded?
2011-05-03 06:52:32 [WARNING] Can't keep up! Did the system time change, or is the server overloaded?
2011-05-03 11:47:06 [INFO] Starting minecraft server version Beta 1.5_02
2011-05-03 11:47:06 [INFO] Loading properties
2011-05-03 11:47:06 [INFO] Starting Minecraft server on *:25565
2011-05-03 11:47:06 [INFO] Preparing level "world"
2011-05-03 11:47:06 [INFO] Preparing start region
2011-05-03 11:47:07 [INFO] Done (567611000ns)! For help, type "help" or "?"
